<?xml version="1.0" encoding="UTF-8"?>
<!-- Generated by org.testng.reporters.JUnitReportReporter -->
<testsuite hostname="CHAMPA" failures="0" tests="1" name="task.kollex.tests.FirefoxBrowseerTestCase" time="21.555" errors="0" timestamp="4 Nov 2020 08:53:23 GMT">
  <testcase classname="task.kollex.tests.FirefoxBrowseerTestCase" name="automationTask" time="21.555"/>
</testsuite> <!-- task.kollex.tests.FirefoxBrowseerTestCase -->
