<?xml version="1.0" encoding="UTF-8"?>
<!-- Generated by org.testng.reporters.JUnitReportReporter -->
<testsuite hostname="CHAMPA" failures="0" tests="1" name="task.kollex.tests.ChromeBrowserTestCase" time="32.621" errors="0" timestamp="4 Nov 2020 00:24:46 GMT">
  <testcase classname="task.kollex.tests.ChromeBrowserTestCase" name="automationTask" time="32.621"/>
</testsuite> <!-- task.kollex.tests.ChromeBrowserTestCase -->
