<?xml version="1.0" encoding="UTF-8"?>
<!-- Generated by org.testng.reporters.JUnitReportReporter -->
<testsuite hostname="CHAMPA" failures="0" tests="1" name="task.kollex.tests.TestCasePOM" time="33.137" errors="0" timestamp="3 Nov 2020 23:21:36 GMT">
  <testcase classname="task.kollex.tests.TestCasePOM" name="automationTask" time="33.137"/>
</testsuite> <!-- task.kollex.tests.TestCasePOM -->
