<?xml version="1.0" encoding="UTF-8"?>
<!-- Generated by org.testng.reporters.JUnitReportReporter -->
<testsuite hostname="CHAMPA" failures="0" tests="1" name="task.kollex.automation.NewTEST" time="49.758" errors="0" timestamp="29 Oct 2020 18:51:39 GMT">
  <testcase classname="task.kollex.automation.NewTEST" name="check" time="49.758"/>
</testsuite> <!-- task.kollex.automation.NewTEST -->
